2013/09/30 15:09:23 [error] [php] include(description.php) [<a href='function.include'>function.include</a>]: failed to open stream: No such file or directory (/Applications/MAMP/htdocs/yiitest/yii/framework/YiiBase.php:427)
Stack trace:
#0 /Applications/MAMP/htdocs/yiitest/yii/framework/validators/CValidator.php(186): import()
#1 /Applications/MAMP/htdocs/yiitest/yii/framework/base/CModel.php(287): createValidator()
#2 /Applications/MAMP/htdocs/yiitest/yii/framework/base/CModel.php(260): Project->createValidators()
#3 /Applications/MAMP/htdocs/yiitest/yii/framework/base/CModel.php(304): Project->getValidators()
#4 /Applications/MAMP/htdocs/yiitest/yii/framework/web/helpers/CHtml.php(1414): Project->isAttributeRequired()
#5 /Applications/MAMP/htdocs/yiitest/yii/framework/web/widgets/CActiveForm.php(597): activeLabelEx()
#6 /Applications/MAMP/htdocs/yiitest/trackman/protected/views/project/_form.php(23): CActiveForm->labelEx()
#7 /Applications/MAMP/htdocs/yiitest/yii/framework/web/CBaseController.php(126): require()
#8 /Applications/MAMP/htdocs/yiitest/yii/framework/web/CBaseController.php(95): ProjectController->renderInternal()
#9 /Applications/MAMP/htdocs/yiitest/yii/framework/web/CController.php(869): ProjectController->renderFile()
#10 /Applications/MAMP/htdocs/yiitest/trackman/protected/views/project/create.php(18): ProjectController->renderPartial()
#11 /Applications/MAMP/htdocs/yiitest/yii/framework/web/CBaseController.php(126): require()
#12 /Applications/MAMP/htdocs/yiitest/yii/framework/web/CBaseController.php(95): ProjectController->renderInternal()
#13 /Applications/MAMP/htdocs/yiitest/yii/framework/web/CController.php(869): ProjectController->renderFile()
#14 /Applications/MAMP/htdocs/yiitest/yii/framework/web/CController.php(782): ProjectController->renderPartial()
#15 /Applications/MAMP/htdocs/yiitest/trackman/protected/controllers/ProjectController.php(79): ProjectController->render()
#16 /Applications/MAMP/htdocs/yiitest/yii/framework/web/actions/CInlineAction.php(49): ProjectController->actionCreate()
#17 /Applications/MAMP/htdocs/yiitest/yii/framework/web/CController.php(308): CInlineAction->runWithParams()
#18 /Applications/MAMP/htdocs/yiitest/yii/framework/web/filters/CFilterChain.php(133): ProjectController->runAction()
#19 /Applications/MAMP/htdocs/yiitest/yii/framework/web/filters/CFilter.php(40): CFilterChain->run()
#20 /Applications/MAMP/htdocs/yiitest/yii/framework/web/CController.php(1145): CAccessControlFilter->filter()
#21 /Applications/MAMP/htdocs/yiitest/yii/framework/web/filters/CInlineFilter.php(58): ProjectController->filterAccessControl()
#22 /Applications/MAMP/htdocs/yiitest/yii/framework/web/filters/CFilterChain.php(130): CInlineFilter->filter()
#23 /Applications/MAMP/htdocs/yiitest/yii/framework/web/CController.php(291): CFilterChain->run()
#24 /Applications/MAMP/htdocs/yiitest/yii/framework/web/CController.php(265): ProjectController->runActionWithFilters()
#25 /Applications/MAMP/htdocs/yiitest/yii/framework/web/CWebApplication.php(282): ProjectController->run()
#26 /Applications/MAMP/htdocs/yiitest/yii/framework/web/CWebApplication.php(141): CWebApplication->runController()
#27 /Applications/MAMP/htdocs/yiitest/yii/framework/base/CApplication.php(180): CWebApplication->processRequest()
#28 /Applications/MAMP/htdocs/yiitest/trackman/index.php(13): CWebApplication->run()
REQUEST_URI=/yiitest/trackman/index.php?r=project/create
in /Applications/MAMP/htdocs/yiitest/trackman/protected/views/project/_form.php (23)
in /Applications/MAMP/htdocs/yiitest/trackman/protected/views/project/create.php (18)
in /Applications/MAMP/htdocs/yiitest/trackman/protected/controllers/ProjectController.php (79)
2013/09/30 15:54:25 [error] [exception.CHttpException.404] exception 'CHttpException' with message 'The requested page does not exist.' in /Applications/MAMP/htdocs/yiitest/trackman/protected/controllers/ProjectController.php:157
Stack trace:
#0 /Applications/MAMP/htdocs/yiitest/trackman/protected/controllers/ProjectController.php(55): ProjectController->loadModel('7')
#1 [internal function]: ProjectController->actionView('7')
#2 /Applications/MAMP/htdocs/yiitest/yii/framework/web/actions/CAction.php(108): ReflectionMethod->invokeArgs(Object(ProjectController), Array)
#3 /Applications/MAMP/htdocs/yiitest/yii/framework/web/actions/CInlineAction.php(47): CAction->runWithParamsInternal(Object(ProjectController), Object(ReflectionMethod), Array)
#4 /Applications/MAMP/htdocs/yiitest/yii/framework/web/CController.php(308): CInlineAction->runWithParams(Array)
#5 /Applications/MAMP/htdocs/yiitest/yii/framework/web/filters/CFilterChain.php(133): CController->runAction(Object(CInlineAction))
#6 /Applications/MAMP/htdocs/yiitest/yii/framework/web/filters/CFilter.php(40): CFilterChain->run()
#7 /Applications/MAMP/htdocs/yiitest/yii/framework/web/CController.php(1145): CFilter->filter(Object(CFilterChain))
#8 /Applications/MAMP/htdocs/yiitest/yii/framework/web/filters/CInlineFilter.php(58): CController->filterAccessControl(Object(CFilterChain))
#9 /Applications/MAMP/htdocs/yiitest/yii/framework/web/filters/CFilterChain.php(130): CInlineFilter->filter(Object(CFilterChain))
#10 /Applications/MAMP/htdocs/yiitest/yii/framework/web/CController.php(291): CFilterChain->run()
#11 /Applications/MAMP/htdocs/yiitest/yii/framework/web/CController.php(265): CController->runActionWithFilters(Object(CInlineAction), Array)
#12 /Applications/MAMP/htdocs/yiitest/yii/framework/web/CWebApplication.php(282): CController->run('view')
#13 /Applications/MAMP/htdocs/yiitest/yii/framework/web/CWebApplication.php(141): CWebApplication->runController('project/view')
#14 /Applications/MAMP/htdocs/yiitest/yii/framework/base/CApplication.php(180): CWebApplication->processRequest()
#15 /Applications/MAMP/htdocs/yiitest/trackman/index.php(13): CApplication->run()
#16 {main}
REQUEST_URI=/yiitest/trackman/index.php?r=project/view&id=7
---
2013/09/30 16:31:58 [error] [system.db.CDbCommand] CDbCommand::fetchAll() failed: SQLSTATE[42S02]: Base table or view not found: 1146 Table 'trackman.tbl_project' doesn't exist. The SQL statement executed was: SHOW FULL COLUMNS FROM `tbl_project`.
in /Applications/MAMP/htdocs/yiitest/trackman/protected/views/project/index.php (20)
in /Applications/MAMP/htdocs/yiitest/trackman/protected/controllers/ProjectController.php (128)
in /Applications/MAMP/htdocs/yiitest/trackman/index.php (13)
2013/09/30 16:31:58 [error] [exception.CDbException] exception 'CDbException' with message 'The table "tbl_project" for active record class "Project" cannot be found in the database.' in /Applications/MAMP/htdocs/yiitest/yii/framework/db/ar/CActiveRecord.php:2362
Stack trace:
#0 /Applications/MAMP/htdocs/yiitest/yii/framework/db/ar/CActiveRecord.php(411): CActiveRecordMetaData->__construct(Object(Project))
#1 /Applications/MAMP/htdocs/yiitest/yii/framework/db/ar/CActiveRecord.php(658): CActiveRecord->getMetaData()
#2 /Applications/MAMP/htdocs/yiitest/yii/framework/db/ar/CActiveRecord.php(1601): CActiveRecord->getTableSchema()
#3 /Applications/MAMP/htdocs/yiitest/yii/framework/web/CActiveDataProvider.php(228): CActiveRecord->count(Object(CDbCriteria))
#4 /Applications/MAMP/htdocs/yiitest/yii/framework/web/CDataProvider.php(224): CActiveDataProvider->calculateTotalItemCount()
#5 /Applications/MAMP/htdocs/yiitest/yii/framework/web/CActiveDataProvider.php(178): CDataProvider->getTotalItemCount()
#6 /Applications/MAMP/htdocs/yiitest/yii/framework/web/CDataProvider.php(168): CActiveDataProvider->fetchData()
#7 /Applications/MAMP/htdocs/yiitest/yii/framework/zii/widgets/CBaseListView.php(111): CDataProvider->getData()
#8 /Applications/MAMP/htdocs/yiitest/yii/framework/zii/widgets/CListView.php(211): CBaseListView->init()
#9 /Applications/MAMP/htdocs/yiitest/yii/framework/web/CBaseController.php(147): CListView->init()
#10 /Applications/MAMP/htdocs/yiitest/yii/framework/web/CBaseController.php(172): CBaseController->createWidget('zii.widgets.CLi...', Array)
#11 /Applications/MAMP/htdocs/yiitest/trackman/protected/views/project/index.php(20): CBaseController->widget('zii.widgets.CLi...', Array)
#12 /Applications/MAMP/htdocs/yiitest/yii/framework/web/CBaseController.php(126): require('/Applications/M...')
#13 /Applications/MAMP/htdocs/yiitest/yii/framework/web/CBaseController.php(95): CBaseController->renderInternal('/Applications/M...', Array, true)
#14 /Applications/MAMP/htdocs/yiitest/yii/framework/web/CController.php(869): CBaseController->renderFile('/Applications/M...', Array, true)
#15 /Applications/MAMP/htdocs/yiitest/yii/framework/web/CController.php(782): CController->renderPartial('index', Array, true)
#16 /Applications/MAMP/htdocs/yiitest/trackman/protected/controllers/ProjectController.php(128): CController->render('index', Array)
#17 /Applications/MAMP/htdocs/yiitest/yii/framework/web/actions/CInlineAction.php(49): ProjectController->actionIndex()
#18 /Applications/MAMP/htdocs/yiitest/yii/framework/web/CController.php(308): CInlineAction->runWithParams(Array)
#19 /Applications/MAMP/htdocs/yiitest/yii/framework/web/filters/CFilterChain.php(133): CController->runAction(Object(CInlineAction))
#20 /Applications/MAMP/htdocs/yiitest/yii/framework/web/filters/CFilter.php(40): CFilterChain->run()
#21 /Applications/MAMP/htdocs/yiitest/yii/framework/web/CController.php(1145): CFilter->filter(Object(CFilterChain))
#22 /Applications/MAMP/htdocs/yiitest/yii/framework/web/filters/CInlineFilter.php(58): CController->filterAccessControl(Object(CFilterChain))
#23 /Applications/MAMP/htdocs/yiitest/yii/framework/web/filters/CFilterChain.php(130): CInlineFilter->filter(Object(CFilterChain))
#24 /Applications/MAMP/htdocs/yiitest/yii/framework/web/CController.php(291): CFilterChain->run()
#25 /Applications/MAMP/htdocs/yiitest/yii/framework/web/CController.php(265): CController->runActionWithFilters(Object(CInlineAction), Array)
#26 /Applications/MAMP/htdocs/yiitest/yii/framework/web/CWebApplication.php(282): CController->run('index')
#27 /Applications/MAMP/htdocs/yiitest/yii/framework/web/CWebApplication.php(141): CWebApplication->runController('project/index')
#28 /Applications/MAMP/htdocs/yiitest/yii/framework/base/CApplication.php(180): CWebApplication->processRequest()
#29 /Applications/MAMP/htdocs/yiitest/trackman/index.php(13): CApplication->run()
#30 {main}
REQUEST_URI=/yiitest/trackman/index.php?r=project/index
---
2013/09/30 16:49:22 [error] [exception.CHttpException.404] exception 'CHttpException' with message 'Unable to resolve the request "issue".' in /Applications/MAMP/htdocs/yiitest/yii/framework/web/CWebApplication.php:286
Stack trace:
#0 /Applications/MAMP/htdocs/yiitest/yii/framework/web/CWebApplication.php(141): CWebApplication->runController('issue')
#1 /Applications/MAMP/htdocs/yiitest/yii/framework/base/CApplication.php(180): CWebApplication->processRequest()
#2 /Applications/MAMP/htdocs/yiitest/trackman/index.php(13): CApplication->run()
#3 {main}
REQUEST_URI=/yiitest/trackman/index.php?r=issue
---
2013/09/30 16:49:41 [error] [system.db.CDbCommand] CDbCommand::fetchAll() failed: SQLSTATE[42S02]: Base table or view not found: 1146 Table 'trackstar_dev.tbl_project' doesn't exist. The SQL statement executed was: SHOW FULL COLUMNS FROM `trackstar_dev`.`tbl_project`.
in /Applications/MAMP/htdocs/yiitest/trackman/index.php (13)
2013/09/30 16:49:43 [error] [system.db.CDbCommand] CDbCommand::fetchAll() failed: SQLSTATE[42S02]: Base table or view not found: 1146 Table 'trackstar_dev.tbl_project' doesn't exist. The SQL statement executed was: SHOW FULL COLUMNS FROM `trackstar_dev`.`tbl_project`.
in /Applications/MAMP/htdocs/yiitest/trackman/index.php (13)
2013/09/30 16:51:55 [error] [exception.CException] exception 'CException' with message 'Alias "applicaciton.models.Issue" is invalid. Make sure it points to an existing directory or file.' in /Applications/MAMP/htdocs/yiitest/yii/framework/YiiBase.php:347
Stack trace:
#0 /Applications/MAMP/htdocs/yiitest/yii/framework/gii/generators/crud/CrudCode.php(59): YiiBase::import('applicaciton.mo...', true)
#1 /Applications/MAMP/htdocs/yiitest/yii/framework/validators/CInlineValidator.php(42): CrudCode->validateModel('model', Array)
#2 /Applications/MAMP/htdocs/yiitest/yii/framework/validators/CValidator.php(213): CInlineValidator->validateAttribute(Object(CrudCode), 'model')
#3 /Applications/MAMP/htdocs/yiitest/yii/framework/base/CModel.php(159): CValidator->validate(Object(CrudCode), NULL)
#4 /Applications/MAMP/htdocs/yiitest/yii/framework/gii/CCodeGenerator.php(159): CModel->validate()
#5 /Applications/MAMP/htdocs/yiitest/yii/framework/gii/CCodeGenerator.php(63): CCodeGenerator->prepare()
#6 /Applications/MAMP/htdocs/yiitest/yii/framework/web/actions/CInlineAction.php(49): CCodeGenerator->actionIndex()
#7 /Applications/MAMP/htdocs/yiitest/yii/framework/web/CController.php(308): CInlineAction->runWithParams(Array)
#8 /Applications/MAMP/htdocs/yiitest/yii/framework/web/CController.php(286): CController->runAction(Object(CInlineAction))
#9 /Applications/MAMP/htdocs/yiitest/yii/framework/web/CController.php(265): CController->runActionWithFilters(Object(CInlineAction), Array)
#10 /Applications/MAMP/htdocs/yiitest/yii/framework/web/CWebApplication.php(282): CController->run('index')
#11 /Applications/MAMP/htdocs/yiitest/yii/framework/web/CWebApplication.php(141): CWebApplication->runController('gii/crud/index')
#12 /Applications/MAMP/htdocs/yiitest/yii/framework/base/CApplication.php(180): CWebApplication->processRequest()
#13 /Applications/MAMP/htdocs/yiitest/trackman/index.php(13): CApplication->run()
#14 {main}
REQUEST_URI=/yiitest/trackman/index.php?r=gii/crud/index
HTTP_REFERER=http://localhost:8888/yiitest/trackman/index.php?r=gii/crud/index
---
2013/09/30 16:56:50 [error] [system.db.CDbCommand] CDbCommand::fetchAll() failed: SQLSTATE[42S02]: Base table or view not found: 1146 Table 'trackstar_dev.tbl_project' doesn't exist. The SQL statement executed was: SHOW FULL COLUMNS FROM `trackstar_dev`.`tbl_project`.
in /Applications/MAMP/htdocs/yiitest/trackman/index.php (13)
2013/09/30 16:56:53 [error] [system.db.CDbCommand] CDbCommand::fetchAll() failed: SQLSTATE[42S02]: Base table or view not found: 1146 Table 'trackstar_dev.tbl_project' doesn't exist. The SQL statement executed was: SHOW FULL COLUMNS FROM `trackstar_dev`.`tbl_project`.
in /Applications/MAMP/htdocs/yiitest/trackman/index.php (13)
2013/09/30 16:57:01 [error] [system.db.CDbCommand] CDbCommand::fetchAll() failed: SQLSTATE[42S02]: Base table or view not found: 1146 Table 'trackstar_dev.tbl_project' doesn't exist. The SQL statement executed was: SHOW FULL COLUMNS FROM `trackstar_dev`.`tbl_project`.
in /Applications/MAMP/htdocs/yiitest/trackman/index.php (13)
2013/09/30 16:57:02 [error] [system.db.CDbCommand] CDbCommand::fetchAll() failed: SQLSTATE[42S02]: Base table or view not found: 1146 Table 'trackstar_dev.tbl_project' doesn't exist. The SQL statement executed was: SHOW FULL COLUMNS FROM `trackstar_dev`.`tbl_project`.
in /Applications/MAMP/htdocs/yiitest/trackman/index.php (13)
2013/09/30 16:57:04 [error] [system.db.CDbCommand] CDbCommand::fetchAll() failed: SQLSTATE[42S02]: Base table or view not found: 1146 Table 'trackstar_dev.tbl_project' doesn't exist. The SQL statement executed was: SHOW FULL COLUMNS FROM `trackstar_dev`.`tbl_project`.
in /Applications/MAMP/htdocs/yiitest/trackman/index.php (13)
2013/09/30 16:57:30 [error] [system.db.CDbCommand] CDbCommand::fetchAll() failed: SQLSTATE[42S02]: Base table or view not found: 1146 Table 'trackstar_dev.tbl_project' doesn't exist. The SQL statement executed was: SHOW FULL COLUMNS FROM `trackstar_dev`.`tbl_project`.
in /Applications/MAMP/htdocs/yiitest/trackman/index.php (13)
2013/09/30 16:57:34 [error] [system.db.CDbCommand] CDbCommand::fetchAll() failed: SQLSTATE[42S02]: Base table or view not found: 1146 Table 'trackstar_dev.tbl_project' doesn't exist. The SQL statement executed was: SHOW FULL COLUMNS FROM `trackstar_dev`.`tbl_project`.
in /Applications/MAMP/htdocs/yiitest/trackman/index.php (13)
2013/10/02 12:07:24 [error] [exception.CHttpException.404] exception 'CHttpException' with message 'The system is unable to find the requested action "list".' in /Applications/MAMP/htdocs/yiitest/yii/framework/web/CController.php:483
Stack trace:
#0 /Applications/MAMP/htdocs/yiitest/yii/framework/web/CController.php(270): CController->missingAction('list')
#1 /Applications/MAMP/htdocs/yiitest/yii/framework/web/CWebApplication.php(282): CController->run('list')
#2 /Applications/MAMP/htdocs/yiitest/yii/framework/web/CWebApplication.php(141): CWebApplication->runController('issue/list')
#3 /Applications/MAMP/htdocs/yiitest/yii/framework/base/CApplication.php(180): CWebApplication->processRequest()
#4 /Applications/MAMP/htdocs/yiitest/trackman/index.php(13): CApplication->run()
#5 {main}
REQUEST_URI=/yiitest/trackman/index.php?r=issue/list
---
2013/10/02 12:11:19 [error] [exception.CHttpException.404] exception 'CHttpException' with message 'The request Project does not exist' in /Applications/MAMP/htdocs/yiitest/trackman/protected/controllers/IssueController.php:192
Stack trace:
#0 /Applications/MAMP/htdocs/yiitest/trackman/protected/controllers/IssueController.php(210): IssueController->loadProject('1')
#1 /Applications/MAMP/htdocs/yiitest/yii/framework/web/filters/CInlineFilter.php(58): IssueController->filterProjectContext(Object(CFilterChain))
#2 /Applications/MAMP/htdocs/yiitest/yii/framework/web/filters/CFilterChain.php(130): CInlineFilter->filter(Object(CFilterChain))
#3 /Applications/MAMP/htdocs/yiitest/yii/framework/web/filters/CFilter.php(40): CFilterChain->run()
#4 /Applications/MAMP/htdocs/yiitest/yii/framework/web/CController.php(1145): CFilter->filter(Object(CFilterChain))
#5 /Applications/MAMP/htdocs/yiitest/yii/framework/web/filters/CInlineFilter.php(58): CController->filterAccessControl(Object(CFilterChain))
#6 /Applications/MAMP/htdocs/yiitest/yii/framework/web/filters/CFilterChain.php(130): CInlineFilter->filter(Object(CFilterChain))
#7 /Applications/MAMP/htdocs/yiitest/yii/framework/web/CController.php(291): CFilterChain->run()
#8 /Applications/MAMP/htdocs/yiitest/yii/framework/web/CController.php(265): CController->runActionWithFilters(Object(CInlineAction), Array)
#9 /Applications/MAMP/htdocs/yiitest/yii/framework/web/CWebApplication.php(282): CController->run('create')
#10 /Applications/MAMP/htdocs/yiitest/yii/framework/web/CWebApplication.php(141): CWebApplication->runController('issue/create')
#11 /Applications/MAMP/htdocs/yiitest/yii/framework/base/CApplication.php(180): CWebApplication->processRequest()
#12 /Applications/MAMP/htdocs/yiitest/trackman/index.php(13): CApplication->run()
#13 {main}
REQUEST_URI=/yiitest/trackman/index.php?r=issue/create&pid=1
HTTP_REFERER=http://localhost:8888/yiitest/trackman/index.php?r=issue
---
2013/10/02 12:21:06 [error] [exception.CHttpException.404] exception 'CHttpException' with message 'The request Project does not exist' in /Applications/MAMP/htdocs/yiitest/trackman/protected/controllers/IssueController.php:192
Stack trace:
#0 /Applications/MAMP/htdocs/yiitest/trackman/protected/controllers/IssueController.php(210): IssueController->loadProject(NULL)
#1 /Applications/MAMP/htdocs/yiitest/yii/framework/web/filters/CInlineFilter.php(58): IssueController->filterProjectContext(Object(CFilterChain))
#2 /Applications/MAMP/htdocs/yiitest/yii/framework/web/filters/CFilterChain.php(130): CInlineFilter->filter(Object(CFilterChain))
#3 /Applications/MAMP/htdocs/yiitest/yii/framework/web/filters/CFilter.php(40): CFilterChain->run()
#4 /Applications/MAMP/htdocs/yiitest/yii/framework/web/CController.php(1145): CFilter->filter(Object(CFilterChain))
#5 /Applications/MAMP/htdocs/yiitest/yii/framework/web/filters/CInlineFilter.php(58): CController->filterAccessControl(Object(CFilterChain))
#6 /Applications/MAMP/htdocs/yiitest/yii/framework/web/filters/CFilterChain.php(130): CInlineFilter->filter(Object(CFilterChain))
#7 /Applications/MAMP/htdocs/yiitest/yii/framework/web/CController.php(291): CFilterChain->run()
#8 /Applications/MAMP/htdocs/yiitest/yii/framework/web/CController.php(265): CController->runActionWithFilters(Object(CInlineAction), Array)
#9 /Applications/MAMP/htdocs/yiitest/yii/framework/web/CWebApplication.php(282): CController->run('create')
#10 /Applications/MAMP/htdocs/yiitest/yii/framework/web/CWebApplication.php(141): CWebApplication->runController('issue/create')
#11 /Applications/MAMP/htdocs/yiitest/yii/framework/base/CApplication.php(180): CWebApplication->processRequest()
#12 /Applications/MAMP/htdocs/yiitest/trackman/index.php(13): CApplication->run()
#13 {main}
REQUEST_URI=/yiitest/trackman/index.php?r=issue/create
HTTP_REFERER=http://localhost:8888/yiitest/trackman/index.php?r=issue
---
2013/10/02 14:19:17 [error] [exception.CHttpException.404] exception 'CHttpException' with message 'The request Project does not exist' in /Applications/MAMP/htdocs/yiitest/trackman/protected/controllers/IssueController.php:193
Stack trace:
#0 /Applications/MAMP/htdocs/yiitest/trackman/protected/controllers/IssueController.php(211): IssueController->loadProject(NULL)
#1 /Applications/MAMP/htdocs/yiitest/yii/framework/web/filters/CInlineFilter.php(58): IssueController->filterProjectContext(Object(CFilterChain))
#2 /Applications/MAMP/htdocs/yiitest/yii/framework/web/filters/CFilterChain.php(130): CInlineFilter->filter(Object(CFilterChain))
#3 /Applications/MAMP/htdocs/yiitest/yii/framework/web/filters/CFilter.php(40): CFilterChain->run()
#4 /Applications/MAMP/htdocs/yiitest/yii/framework/web/CController.php(1145): CFilter->filter(Object(CFilterChain))
#5 /Applications/MAMP/htdocs/yiitest/yii/framework/web/filters/CInlineFilter.php(58): CController->filterAccessControl(Object(CFilterChain))
#6 /Applications/MAMP/htdocs/yiitest/yii/framework/web/filters/CFilterChain.php(130): CInlineFilter->filter(Object(CFilterChain))
#7 /Applications/MAMP/htdocs/yiitest/yii/framework/web/CController.php(291): CFilterChain->run()
#8 /Applications/MAMP/htdocs/yiitest/yii/framework/web/CController.php(265): CController->runActionWithFilters(Object(CInlineAction), Array)
#9 /Applications/MAMP/htdocs/yiitest/yii/framework/web/CWebApplication.php(282): CController->run('create')
#10 /Applications/MAMP/htdocs/yiitest/yii/framework/web/CWebApplication.php(141): CWebApplication->runController('issue/create')
#11 /Applications/MAMP/htdocs/yiitest/yii/framework/base/CApplication.php(180): CWebApplication->processRequest()
#12 /Applications/MAMP/htdocs/yiitest/trackman/index.php(13): CApplication->run()
#13 {main}
REQUEST_URI=/yiitest/trackman/index.php?r=issue/create
HTTP_REFERER=http://localhost:8888/yiitest/trackman/index.php?r=issue
---
2013/10/02 14:19:30 [error] [php] Undefined variable: model (/Applications/MAMP/htdocs/yiitest/trackman/protected/views/project/index.php:12)
Stack trace:
#0 /Applications/MAMP/htdocs/yiitest/yii/framework/web/CController.php(869): ProjectController->renderFile()
#1 /Applications/MAMP/htdocs/yiitest/yii/framework/web/CController.php(782): ProjectController->renderPartial()
#2 /Applications/MAMP/htdocs/yiitest/trackman/protected/controllers/ProjectController.php(128): ProjectController->render()
#3 /Applications/MAMP/htdocs/yiitest/yii/framework/web/actions/CInlineAction.php(49): ProjectController->actionIndex()
#4 /Applications/MAMP/htdocs/yiitest/yii/framework/web/CController.php(308): CInlineAction->runWithParams()
#5 /Applications/MAMP/htdocs/yiitest/yii/framework/web/filters/CFilterChain.php(133): ProjectController->runAction()
#6 /Applications/MAMP/htdocs/yiitest/yii/framework/web/filters/CFilter.php(40): CFilterChain->run()
#7 /Applications/MAMP/htdocs/yiitest/yii/framework/web/CController.php(1145): CAccessControlFilter->filter()
#8 /Applications/MAMP/htdocs/yiitest/yii/framework/web/filters/CInlineFilter.php(58): ProjectController->filterAccessControl()
#9 /Applications/MAMP/htdocs/yiitest/yii/framework/web/filters/CFilterChain.php(130): CInlineFilter->filter()
#10 /Applications/MAMP/htdocs/yiitest/yii/framework/web/CController.php(291): CFilterChain->run()
#11 /Applications/MAMP/htdocs/yiitest/yii/framework/web/CController.php(265): ProjectController->runActionWithFilters()
#12 /Applications/MAMP/htdocs/yiitest/yii/framework/web/CWebApplication.php(282): ProjectController->run()
#13 /Applications/MAMP/htdocs/yiitest/yii/framework/web/CWebApplication.php(141): CWebApplication->runController()
#14 /Applications/MAMP/htdocs/yiitest/yii/framework/base/CApplication.php(180): CWebApplication->processRequest()
#15 /Applications/MAMP/htdocs/yiitest/trackman/index.php(13): CWebApplication->run()
REQUEST_URI=/yiitest/trackman/index.php?r=project
in /Applications/MAMP/htdocs/yiitest/trackman/protected/views/project/index.php (12)
in /Applications/MAMP/htdocs/yiitest/trackman/protected/controllers/ProjectController.php (128)
in /Applications/MAMP/htdocs/yiitest/trackman/index.php (13)
2013/10/02 14:28:56 [error] [php] Undefined variable: model (/Applications/MAMP/htdocs/yiitest/trackman/protected/views/project/index.php:12)
Stack trace:
#0 /Applications/MAMP/htdocs/yiitest/yii/framework/web/CController.php(869): ProjectController->renderFile()
#1 /Applications/MAMP/htdocs/yiitest/yii/framework/web/CController.php(782): ProjectController->renderPartial()
#2 /Applications/MAMP/htdocs/yiitest/trackman/protected/controllers/ProjectController.php(128): ProjectController->render()
#3 /Applications/MAMP/htdocs/yiitest/yii/framework/web/actions/CInlineAction.php(49): ProjectController->actionIndex()
#4 /Applications/MAMP/htdocs/yiitest/yii/framework/web/CController.php(308): CInlineAction->runWithParams()
#5 /Applications/MAMP/htdocs/yiitest/yii/framework/web/filters/CFilterChain.php(133): ProjectController->runAction()
#6 /Applications/MAMP/htdocs/yiitest/yii/framework/web/filters/CFilter.php(40): CFilterChain->run()
#7 /Applications/MAMP/htdocs/yiitest/yii/framework/web/CController.php(1145): CAccessControlFilter->filter()
#8 /Applications/MAMP/htdocs/yiitest/yii/framework/web/filters/CInlineFilter.php(58): ProjectController->filterAccessControl()
#9 /Applications/MAMP/htdocs/yiitest/yii/framework/web/filters/CFilterChain.php(130): CInlineFilter->filter()
#10 /Applications/MAMP/htdocs/yiitest/yii/framework/web/CController.php(291): CFilterChain->run()
#11 /Applications/MAMP/htdocs/yiitest/yii/framework/web/CController.php(265): ProjectController->runActionWithFilters()
#12 /Applications/MAMP/htdocs/yiitest/yii/framework/web/CWebApplication.php(282): ProjectController->run()
#13 /Applications/MAMP/htdocs/yiitest/yii/framework/web/CWebApplication.php(141): CWebApplication->runController()
#14 /Applications/MAMP/htdocs/yiitest/yii/framework/base/CApplication.php(180): CWebApplication->processRequest()
#15 /Applications/MAMP/htdocs/yiitest/trackman/index.php(13): CWebApplication->run()
REQUEST_URI=/yiitest/trackman/index.php?r=project
in /Applications/MAMP/htdocs/yiitest/trackman/protected/views/project/index.php (12)
in /Applications/MAMP/htdocs/yiitest/trackman/protected/controllers/ProjectController.php (128)
in /Applications/MAMP/htdocs/yiitest/trackman/index.php (13)
2013/10/02 14:29:10 [error] [php] Undefined variable: model (/Applications/MAMP/htdocs/yiitest/trackman/protected/views/project/index.php:12)
Stack trace:
#0 /Applications/MAMP/htdocs/yiitest/yii/framework/web/CController.php(869): ProjectController->renderFile()
#1 /Applications/MAMP/htdocs/yiitest/yii/framework/web/CController.php(782): ProjectController->renderPartial()
#2 /Applications/MAMP/htdocs/yiitest/trackman/protected/controllers/ProjectController.php(128): ProjectController->render()
#3 /Applications/MAMP/htdocs/yiitest/yii/framework/web/actions/CInlineAction.php(49): ProjectController->actionIndex()
#4 /Applications/MAMP/htdocs/yiitest/yii/framework/web/CController.php(308): CInlineAction->runWithParams()
#5 /Applications/MAMP/htdocs/yiitest/yii/framework/web/filters/CFilterChain.php(133): ProjectController->runAction()
#6 /Applications/MAMP/htdocs/yiitest/yii/framework/web/filters/CFilter.php(40): CFilterChain->run()
#7 /Applications/MAMP/htdocs/yiitest/yii/framework/web/CController.php(1145): CAccessControlFilter->filter()
#8 /Applications/MAMP/htdocs/yiitest/yii/framework/web/filters/CInlineFilter.php(58): ProjectController->filterAccessControl()
#9 /Applications/MAMP/htdocs/yiitest/yii/framework/web/filters/CFilterChain.php(130): CInlineFilter->filter()
#10 /Applications/MAMP/htdocs/yiitest/yii/framework/web/CController.php(291): CFilterChain->run()
#11 /Applications/MAMP/htdocs/yiitest/yii/framework/web/CController.php(265): ProjectController->runActionWithFilters()
#12 /Applications/MAMP/htdocs/yiitest/yii/framework/web/CWebApplication.php(282): ProjectController->run()
#13 /Applications/MAMP/htdocs/yiitest/yii/framework/web/CWebApplication.php(141): CWebApplication->runController()
#14 /Applications/MAMP/htdocs/yiitest/yii/framework/base/CApplication.php(180): CWebApplication->processRequest()
#15 /Applications/MAMP/htdocs/yiitest/trackman/index.php(13): CWebApplication->run()
REQUEST_URI=/yiitest/trackman/index.php?r=project
in /Applications/MAMP/htdocs/yiitest/trackman/protected/views/project/index.php (12)
in /Applications/MAMP/htdocs/yiitest/trackman/protected/controllers/ProjectController.php (128)
in /Applications/MAMP/htdocs/yiitest/trackman/index.php (13)
2013/10/02 14:33:21 [error] [php] Undefined variable: model (/Applications/MAMP/htdocs/yiitest/trackman/protected/views/project/index.php:12)
Stack trace:
#0 /Applications/MAMP/htdocs/yiitest/yii/framework/web/CController.php(869): ProjectController->renderFile()
#1 /Applications/MAMP/htdocs/yiitest/yii/framework/web/CController.php(782): ProjectController->renderPartial()
#2 /Applications/MAMP/htdocs/yiitest/trackman/protected/controllers/ProjectController.php(128): ProjectController->render()
#3 /Applications/MAMP/htdocs/yiitest/yii/framework/web/actions/CInlineAction.php(49): ProjectController->actionIndex()
#4 /Applications/MAMP/htdocs/yiitest/yii/framework/web/CController.php(308): CInlineAction->runWithParams()
#5 /Applications/MAMP/htdocs/yiitest/yii/framework/web/filters/CFilterChain.php(133): ProjectController->runAction()
#6 /Applications/MAMP/htdocs/yiitest/yii/framework/web/filters/CFilter.php(40): CFilterChain->run()
#7 /Applications/MAMP/htdocs/yiitest/yii/framework/web/CController.php(1145): CAccessControlFilter->filter()
#8 /Applications/MAMP/htdocs/yiitest/yii/framework/web/filters/CInlineFilter.php(58): ProjectController->filterAccessControl()
#9 /Applications/MAMP/htdocs/yiitest/yii/framework/web/filters/CFilterChain.php(130): CInlineFilter->filter()
#10 /Applications/MAMP/htdocs/yiitest/yii/framework/web/CController.php(291): CFilterChain->run()
#11 /Applications/MAMP/htdocs/yiitest/yii/framework/web/CController.php(265): ProjectController->runActionWithFilters()
#12 /Applications/MAMP/htdocs/yiitest/yii/framework/web/CWebApplication.php(282): ProjectController->run()
#13 /Applications/MAMP/htdocs/yiitest/yii/framework/web/CWebApplication.php(141): CWebApplication->runController()
#14 /Applications/MAMP/htdocs/yiitest/yii/framework/base/CApplication.php(180): CWebApplication->processRequest()
#15 /Applications/MAMP/htdocs/yiitest/trackman/index.php(13): CWebApplication->run()
REQUEST_URI=/yiitest/trackman/index.php?r=project/index
in /Applications/MAMP/htdocs/yiitest/trackman/protected/views/project/index.php (12)
in /Applications/MAMP/htdocs/yiitest/trackman/protected/controllers/ProjectController.php (128)
in /Applications/MAMP/htdocs/yiitest/trackman/index.php (13)
2013/10/02 14:34:10 [error] [php] Undefined variable: model (/Applications/MAMP/htdocs/yiitest/trackman/protected/views/project/index.php:12)
Stack trace:
#0 /Applications/MAMP/htdocs/yiitest/yii/framework/web/CController.php(869): ProjectController->renderFile()
#1 /Applications/MAMP/htdocs/yiitest/yii/framework/web/CController.php(782): ProjectController->renderPartial()
#2 /Applications/MAMP/htdocs/yiitest/trackman/protected/controllers/ProjectController.php(128): ProjectController->render()
#3 /Applications/MAMP/htdocs/yiitest/yii/framework/web/actions/CInlineAction.php(49): ProjectController->actionIndex()
#4 /Applications/MAMP/htdocs/yiitest/yii/framework/web/CController.php(308): CInlineAction->runWithParams()
#5 /Applications/MAMP/htdocs/yiitest/yii/framework/web/filters/CFilterChain.php(133): ProjectController->runAction()
#6 /Applications/MAMP/htdocs/yiitest/yii/framework/web/filters/CFilter.php(40): CFilterChain->run()
#7 /Applications/MAMP/htdocs/yiitest/yii/framework/web/CController.php(1145): CAccessControlFilter->filter()
#8 /Applications/MAMP/htdocs/yiitest/yii/framework/web/filters/CInlineFilter.php(58): ProjectController->filterAccessControl()
#9 /Applications/MAMP/htdocs/yiitest/yii/framework/web/filters/CFilterChain.php(130): CInlineFilter->filter()
#10 /Applications/MAMP/htdocs/yiitest/yii/framework/web/CController.php(291): CFilterChain->run()
#11 /Applications/MAMP/htdocs/yiitest/yii/framework/web/CController.php(265): ProjectController->runActionWithFilters()
#12 /Applications/MAMP/htdocs/yiitest/yii/framework/web/CWebApplication.php(282): ProjectController->run()
#13 /Applications/MAMP/htdocs/yiitest/yii/framework/web/CWebApplication.php(141): CWebApplication->runController()
#14 /Applications/MAMP/htdocs/yiitest/yii/framework/base/CApplication.php(180): CWebApplication->processRequest()
#15 /Applications/MAMP/htdocs/yiitest/trackman/index.php(13): CWebApplication->run()
REQUEST_URI=/yiitest/trackman/index.php?r=project/index
in /Applications/MAMP/htdocs/yiitest/trackman/protected/views/project/index.php (12)
in /Applications/MAMP/htdocs/yiitest/trackman/protected/controllers/ProjectController.php (128)
in /Applications/MAMP/htdocs/yiitest/trackman/index.php (13)
