2013/08/12 01:13:04 [error] [php] date(): It is not safe to rely on the system's timezone settings. You are *required* to use the date.timezone setting or the date_default_timezone_set() function. In case you used any of those methods and you are still getting this warning, you most likely misspelled the timezone identifier. We selected 'America/Bogota' for 'COT/-5.0/no DST' instead (/Applications/MAMP/htdocs/yiitest/demo/protected/views/layouts/main.php:51)
Stack trace:
#0 /Applications/MAMP/htdocs/yiitest/yii/framework/web/CBaseController.php(95): SiteController->renderInternal()
#1 /Applications/MAMP/htdocs/yiitest/yii/framework/web/widgets/CContentDecorator.php(76): SiteController->renderFile()
#2 /Applications/MAMP/htdocs/yiitest/yii/framework/web/widgets/CContentDecorator.php(54): CContentDecorator->decorate()
#3 /Applications/MAMP/htdocs/yiitest/yii/framework/web/widgets/COutputProcessor.php(44): CContentDecorator->processOutput()
#4 /Applications/MAMP/htdocs/yiitest/yii/framework/web/CBaseController.php(206): CContentDecorator->run()
#5 /Applications/MAMP/htdocs/yiitest/yii/framework/web/CBaseController.php(300): SiteController->endWidget()
#6 /Applications/MAMP/htdocs/yiitest/demo/protected/views/layouts/column1.php(6): SiteController->endContent()
#7 /Applications/MAMP/htdocs/yiitest/yii/framework/web/CBaseController.php(126): require()
#8 /Applications/MAMP/htdocs/yiitest/yii/framework/web/CBaseController.php(95): SiteController->renderInternal()
#9 /Applications/MAMP/htdocs/yiitest/yii/framework/web/CController.php(784): SiteController->renderFile()
#10 /Applications/MAMP/htdocs/yiitest/demo/protected/controllers/SiteController.php(32): SiteController->render()
#11 /Applications/MAMP/htdocs/yiitest/yii/framework/web/actions/CInlineAction.php(49): SiteController->actionIndex()
#12 /Applications/MAMP/htdocs/yiitest/yii/framework/web/CController.php(308): CInlineAction->runWithParams()
#13 /Applications/MAMP/htdocs/yiitest/yii/framework/web/CController.php(286): SiteController->runAction()
#14 /Applications/MAMP/htdocs/yiitest/yii/framework/web/CController.php(265): SiteController->runActionWithFilters()
#15 /Applications/MAMP/htdocs/yiitest/yii/framework/web/CWebApplication.php(282): SiteController->run()
#16 /Applications/MAMP/htdocs/yiitest/yii/framework/web/CWebApplication.php(141): CWebApplication->runController()
#17 /Applications/MAMP/htdocs/yiitest/yii/framework/base/CApplication.php(180): CWebApplication->processRequest()
#18 /Applications/MAMP/htdocs/yiitest/demo/index.php(13): CWebApplication->run()
#19 /Applications/MAMP/htdocs/yiitest/yii/framework/cli/commands/ShellCommand.php(78): require()
#20 /Applications/MAMP/htdocs/yiitest/yii/framework/console/CConsoleCommandRunner.php(71): ShellCommand->run()
#21 /Applications/MAMP/htdocs/yiitest/yii/framework/console/CConsoleApplication.php(92): CConsoleCommandRunner->run()
#22 /Applications/MAMP/htdocs/yiitest/yii/framework/base/CApplication.php(180): CConsoleApplication->processRequest()
#23 /Applications/MAMP/htdocs/yiitest/yii/framework/yiic.php(33): CConsoleApplication->run()
#24 /Applications/MAMP/htdocs/yiitest/yii/framework/yiic(14): require_once()
REQUEST_URI=/index.php
2013/08/12 01:14:34 [error] [php] date(): It is not safe to rely on the system's timezone settings. You are *required* to use the date.timezone setting or the date_default_timezone_set() function. In case you used any of those methods and you are still getting this warning, you most likely misspelled the timezone identifier. We selected 'America/Bogota' for 'COT/-5.0/no DST' instead (/Applications/MAMP/htdocs/yiitest/demo/protected/views/layouts/main.php:51)
Stack trace:
#0 /Applications/MAMP/htdocs/yiitest/yii/framework/web/CBaseController.php(95): SiteController->renderInternal()
#1 /Applications/MAMP/htdocs/yiitest/yii/framework/web/widgets/CContentDecorator.php(76): SiteController->renderFile()
#2 /Applications/MAMP/htdocs/yiitest/yii/framework/web/widgets/CContentDecorator.php(54): CContentDecorator->decorate()
#3 /Applications/MAMP/htdocs/yiitest/yii/framework/web/widgets/COutputProcessor.php(44): CContentDecorator->processOutput()
#4 /Applications/MAMP/htdocs/yiitest/yii/framework/web/CBaseController.php(206): CContentDecorator->run()
#5 /Applications/MAMP/htdocs/yiitest/yii/framework/web/CBaseController.php(300): SiteController->endWidget()
#6 /Applications/MAMP/htdocs/yiitest/demo/protected/views/layouts/column1.php(6): SiteController->endContent()
#7 /Applications/MAMP/htdocs/yiitest/yii/framework/web/CBaseController.php(126): require()
#8 /Applications/MAMP/htdocs/yiitest/yii/framework/web/CBaseController.php(95): SiteController->renderInternal()
#9 /Applications/MAMP/htdocs/yiitest/yii/framework/web/CController.php(784): SiteController->renderFile()
#10 /Applications/MAMP/htdocs/yiitest/demo/protected/controllers/SiteController.php(32): SiteController->render()
#11 /Applications/MAMP/htdocs/yiitest/yii/framework/web/actions/CInlineAction.php(49): SiteController->actionIndex()
#12 /Applications/MAMP/htdocs/yiitest/yii/framework/web/CController.php(308): CInlineAction->runWithParams()
#13 /Applications/MAMP/htdocs/yiitest/yii/framework/web/CController.php(286): SiteController->runAction()
#14 /Applications/MAMP/htdocs/yiitest/yii/framework/web/CController.php(265): SiteController->runActionWithFilters()
#15 /Applications/MAMP/htdocs/yiitest/yii/framework/web/CWebApplication.php(282): SiteController->run()
#16 /Applications/MAMP/htdocs/yiitest/yii/framework/web/CWebApplication.php(141): CWebApplication->runController()
#17 /Applications/MAMP/htdocs/yiitest/yii/framework/base/CApplication.php(180): CWebApplication->processRequest()
#18 /Applications/MAMP/htdocs/yiitest/demo/index.php(13): CWebApplication->run()
#19 /Applications/MAMP/htdocs/yiitest/yii/framework/cli/commands/ShellCommand.php(78): require()
#20 /Applications/MAMP/htdocs/yiitest/yii/framework/console/CConsoleCommandRunner.php(71): ShellCommand->run()
#21 /Applications/MAMP/htdocs/yiitest/yii/framework/console/CConsoleApplication.php(92): CConsoleCommandRunner->run()
#22 /Applications/MAMP/htdocs/yiitest/yii/framework/base/CApplication.php(180): CConsoleApplication->processRequest()
#23 /Applications/MAMP/htdocs/yiitest/yii/framework/yiic.php(33): CConsoleApplication->run()
#24 /Applications/MAMP/htdocs/yiitest/demo/protected/yiic.php(7): require_once()
#25 /Applications/MAMP/htdocs/yiitest/demo/protected/yiic(4): require_once()
REQUEST_URI=/index.php
2013/08/12 01:14:34 [error] [php] date(): It is not safe to rely on the system's timezone settings. You are *required* to use the date.timezone setting or the date_default_timezone_set() function. In case you used any of those methods and you are still getting this warning, you most likely misspelled the timezone identifier. We selected 'America/Bogota' for 'COT/-5.0/no DST' instead (/Applications/MAMP/htdocs/yiitest/demo/protected/views/layouts/main.php:51)
Stack trace:
#0 /Applications/MAMP/htdocs/yiitest/yii/framework/web/CBaseController.php(95): SiteController->renderInternal()
#1 /Applications/MAMP/htdocs/yiitest/yii/framework/web/widgets/CContentDecorator.php(76): SiteController->renderFile()
#2 /Applications/MAMP/htdocs/yiitest/yii/framework/web/widgets/CContentDecorator.php(54): CContentDecorator->decorate()
#3 /Applications/MAMP/htdocs/yiitest/yii/framework/web/widgets/COutputProcessor.php(44): CContentDecorator->processOutput()
#4 /Applications/MAMP/htdocs/yiitest/yii/framework/web/CBaseController.php(206): CContentDecorator->run()
#5 /Applications/MAMP/htdocs/yiitest/yii/framework/web/CBaseController.php(300): SiteController->endWidget()
#6 /Applications/MAMP/htdocs/yiitest/demo/protected/views/layouts/column1.php(6): SiteController->endContent()
#7 /Applications/MAMP/htdocs/yiitest/yii/framework/web/CBaseController.php(126): require()
#8 /Applications/MAMP/htdocs/yiitest/yii/framework/web/CBaseController.php(95): SiteController->renderInternal()
#9 /Applications/MAMP/htdocs/yiitest/yii/framework/web/CController.php(784): SiteController->renderFile()
#10 /Applications/MAMP/htdocs/yiitest/demo/protected/controllers/SiteController.php(32): SiteController->render()
#11 /Applications/MAMP/htdocs/yiitest/yii/framework/web/actions/CInlineAction.php(49): SiteController->actionIndex()
#12 /Applications/MAMP/htdocs/yiitest/yii/framework/web/CController.php(308): CInlineAction->runWithParams()
#13 /Applications/MAMP/htdocs/yiitest/yii/framework/web/CController.php(286): SiteController->runAction()
#14 /Applications/MAMP/htdocs/yiitest/yii/framework/web/CController.php(265): SiteController->runActionWithFilters()
#15 /Applications/MAMP/htdocs/yiitest/yii/framework/web/CWebApplication.php(282): SiteController->run()
#16 /Applications/MAMP/htdocs/yiitest/yii/framework/web/CWebApplication.php(141): CWebApplication->runController()
#17 /Applications/MAMP/htdocs/yiitest/yii/framework/base/CApplication.php(180): CWebApplication->processRequest()
#18 /Applications/MAMP/htdocs/yiitest/demo/index.php(13): CWebApplication->run()
#19 /Applications/MAMP/htdocs/yiitest/yii/framework/cli/commands/ShellCommand.php(78): require()
#20 /Applications/MAMP/htdocs/yiitest/yii/framework/console/CConsoleCommandRunner.php(71): ShellCommand->run()
#21 /Applications/MAMP/htdocs/yiitest/yii/framework/console/CConsoleApplication.php(92): CConsoleCommandRunner->run()
#22 /Applications/MAMP/htdocs/yiitest/yii/framework/base/CApplication.php(180): CConsoleApplication->processRequest()
#23 /Applications/MAMP/htdocs/yiitest/yii/framework/yiic.php(33): CConsoleApplication->run()
#24 /Applications/MAMP/htdocs/yiitest/demo/protected/yiic.php(7): require_once()
#25 /Applications/MAMP/htdocs/yiitest/demo/protected/yiic(4): require_once()
REQUEST_URI=/index.php
